#
# There is insufficient memory for the Java Runtime Environment to continue.
# Native memory allocation (mmap) failed to map 132120576 bytes for G1 virtual space
# Possible reasons:
#   The system is out of physical RAM or swap space
#   The process is running with CompressedOops enabled, and the Java Heap may be blocking the growth of the native heap
# Possible solutions:
#   Reduce memory load on the system
#   Increase physical memory or swap space
#   Check if swap backing store is full
#   Decrease Java heap size (-Xmx/-Xms)
#   Decrease number of Java threads
#   Decrease Java thread stack sizes (-Xss)
#   Set larger code cache with -XX:ReservedCodeCacheSize=
#   JVM is running with Unscaled Compressed Oops mode in which the Java heap is
#     placed in the first 4GB address space. The Java Heap base address is the
#     maximum limit for the native heap growth. Please use -XX:HeapBaseMinAddress
#     to set the Java Heap base and to place the Java Heap above 4GB virtual address.
# This output file may be truncated or incomplete.
#
#  Out of Memory Error (os_windows.cpp:3466), pid=8920, tid=12532
#
# JRE version:  (16.0.1+9) (build )
# Java VM: OpenJDK 64-Bit Server VM (16.0.1+9-24, mixed mode, sharing, tiered, compressed oops, compressed class ptrs, g1 gc, windows-amd64)
# No core dump will be written. Minidumps are not enabled by default on client versions of Windows
#

---------------  S U M M A R Y ------------

Command Line: -javaagent:C:\Program Files\JetBrains\IntelliJ IDEA 2020.3.3\lib\idea_rt.jar=52722:C:\Program Files\JetBrains\IntelliJ IDEA 2020.3.3\bin -Dfile.encoding=UTF-8 com.andrekreou.Main

Host: Intel(R) Core(TM) i7-4790K CPU @ 4.00GHz, 8 cores, 7G,  Windows 10 , 64 bit Build 19041 (10.0.19041.928)
Time: Sat Apr 24 20:02:44 2021  Windows 10 , 64 bit Build 19041 (10.0.19041.928) elapsed time: 0.008302 seconds (0d 0h 0m 0s)

---------------  T H R E A D  ---------------

Current thread (0x00000274c56e9ba0):  JavaThread "Unknown thread" [_thread_in_vm, id=12532, stack(0x000000c3d5b00000,0x000000c3d5c00000)]

Stack: [0x000000c3d5b00000,0x000000c3d5c00000]
Native frames: (J=compiled Java code, j=interpreted, Vv=VM code, C=native code)
V  [jvm.dll+0x6687ca]
V  [jvm.dll+0x7ca3c9]
V  [jvm.dll+0x7cbb53]
V  [jvm.dll+0x7cc1b3]
V  [jvm.dll+0x242ea5]
V  [jvm.dll+0x665589]
V  [jvm.dll+0x65a175]
V  [jvm.dll+0x2fc5ab]
V  [jvm.dll+0x3037a6]
V  [jvm.dll+0x352fee]
V  [jvm.dll+0x35321f]
V  [jvm.dll+0x2d3618]
V  [jvm.dll+0x2d4854]
V  [jvm.dll+0x79ccb1]
V  [jvm.dll+0x360de1]
V  [jvm.dll+0x77a990]
V  [jvm.dll+0x3e55af]
V  [jvm.dll+0x3e7081]
C  [jli.dll+0x52fb]
C  [ucrtbase.dll+0x21bb2]
C  [KERNEL32.DLL+0x17034]
C  [ntdll.dll+0x52651]


---------------  P R O C E S S  ---------------

Threads class SMR info:
_java_thread_list=0x00007ff873d5cbb8, length=0, elements={
}

Java Threads: ( => current thread )

Other Threads:
  0x00000274c572b0d0 GCTaskThread "GC Thread#0" [stack: 0x000000c3d5c00000,0x000000c3d5d00000] [id=84]
  0x00000274c573bc50 ConcurrentGCThread "G1 Main Marker" [stack: 0x000000c3d5d00000,0x000000c3d5e00000] [id=12320]
  0x00000274c573ce60 ConcurrentGCThread "G1 Conc#0" [stack: 0x000000c3d5e00000,0x000000c3d5f00000] [id=15756]

[error occurred during error reporting (printing all threads), id 0xc0000005, EXCEPTION_ACCESS_VIOLATION (0xc0000005) at pc=0x00007ff8735344d7]

VM state: not at safepoint (not fully initialized)

VM Mutex/Monitor currently owned by a thread:  ([mutex/lock_event])
[0x00000274c56e5d00] Heap_lock - owner thread: 0x00000274c56e9ba0

Heap address: 0x0000000082600000, size: 2010 MB, Compressed Oops mode: 32-bit

CDS archive(s) mapped at: [0x0000000000000000-0x0000000000000000-0x0000000000000000), size 0, SharedBaseAddress: 0x0000000800000000, ArchiveRelocationMode: 0.
Narrow klass base: 0x0000000000000000, Narrow klass shift: 0, Narrow klass range: 0x0

GC Precious Log:
<Empty>

Heap:
 garbage-first heap   total 0K, used 0K [0x0000000082600000, 0x0000000100000000)
  region size 1024K, 0 young (0K), 0 survivors (0K)

[error occurred during error reporting (printing heap information), id 0xc0000005, EXCEPTION_ACCESS_VIOLATION (0xc0000005) at pc=0x00007ff8739124ed]

GC Heap History (0 events):
No events

Deoptimization events (0 events):
No events

Classes unloaded (0 events):
No events

Classes redefined (0 events):
No events

Internal exceptions (0 events):
No events

Events (1 events):
Event: 0.005 Loaded shared library C:\Users\Ανδρέας Κρεούζος\.jdks\openjdk-16.0.1\bin\java.dll


Dynamic libraries:
0x00007ff67fe10000 - 0x00007ff67fe1e000 	C:\Users\Ανδρέας Κρεούζος\.jdks\openjdk-16.0.1\bin\java.exe
0x00007ff8a3290000 - 0x00007ff8a3485000 	C:\WINDOWS\SYSTEM32\ntdll.dll
0x00007ff8a2790000 - 0x00007ff8a284d000 	C:\WINDOWS\System32\KERNEL32.DLL
0x00007ff8a0fa0000 - 0x00007ff8a1268000 	C:\WINDOWS\System32\KERNELBASE.dll
0x00007ff8a0d30000 - 0x00007ff8a0e30000 	C:\WINDOWS\System32\ucrtbase.dll
0x00007ff892fc0000 - 0x00007ff892fd8000 	C:\Users\Ανδρέας Κρεούζος\.jdks\openjdk-16.0.1\bin\jli.dll
0x00007ff892fe0000 - 0x00007ff892ff9000 	C:\Users\Ανδρέας Κρεούζος\.jdks\openjdk-16.0.1\bin\VCRUNTIME140.dll
0x00007ff8a2050000 - 0x00007ff8a21f0000 	C:\WINDOWS\System32\USER32.dll
0x00007ff890690000 - 0x00007ff89092a000 	C:\WINDOWS\WinSxS\amd64_microsoft.windows.common-controls_6595b64144ccf1df_6.0.19041.844_none_ca00b6081b84eb1d\COMCTL32.dll
0x00007ff8a0d00000 - 0x00007ff8a0d22000 	C:\WINDOWS\System32\win32u.dll
0x00007ff8a1470000 - 0x00007ff8a150e000 	C:\WINDOWS\System32\msvcrt.dll
0x00007ff8a2af0000 - 0x00007ff8a2b1a000 	C:\WINDOWS\System32\GDI32.dll
0x00007ff8a0e90000 - 0x00007ff8a0f9b000 	C:\WINDOWS\System32\gdi32full.dll
0x00007ff8a0ad0000 - 0x00007ff8a0b6d000 	C:\WINDOWS\System32\msvcp_win.dll
0x00007ff8a1870000 - 0x00007ff8a18a0000 	C:\WINDOWS\System32\IMM32.DLL
0x00007ff892fb0000 - 0x00007ff892fbc000 	C:\Users\Ανδρέας Κρεούζος\.jdks\openjdk-16.0.1\bin\vcruntime140_1.dll
0x00007ff87c230000 - 0x00007ff87c2c1000 	C:\Users\Ανδρέας Κρεούζος\.jdks\openjdk-16.0.1\bin\msvcp140.dll
0x00007ff873250000 - 0x00007ff873dfb000 	C:\Users\Ανδρέας Κρεούζος\.jdks\openjdk-16.0.1\bin\server\jvm.dll
0x00007ff8a2d60000 - 0x00007ff8a2e0c000 	C:\WINDOWS\System32\ADVAPI32.dll
0x00007ff8a28c0000 - 0x00007ff8a295b000 	C:\WINDOWS\System32\sechost.dll
0x00007ff8a2660000 - 0x00007ff8a278b000 	C:\WINDOWS\System32\RPCRT4.dll
0x00007ff8a2e10000 - 0x00007ff8a2e18000 	C:\WINDOWS\System32\PSAPI.DLL
0x00007ff88ce10000 - 0x00007ff88ce19000 	C:\WINDOWS\SYSTEM32\WSOCK32.dll
0x00007ff895050000 - 0x00007ff895077000 	C:\WINDOWS\SYSTEM32\WINMM.dll
0x00007ff8a2cf0000 - 0x00007ff8a2d5b000 	C:\WINDOWS\System32\WS2_32.dll
0x00007ff8971c0000 - 0x00007ff8971ca000 	C:\WINDOWS\SYSTEM32\VERSION.dll
0x00007ff89f2c0000 - 0x00007ff89f2d2000 	C:\WINDOWS\SYSTEM32\kernel.appcore.dll
0x00007ff8929d0000 - 0x00007ff8929da000 	C:\Users\Ανδρέας Κρεούζος\.jdks\openjdk-16.0.1\bin\jimage.dll
0x00007ff89e8d0000 - 0x00007ff89eab4000 	C:\WINDOWS\SYSTEM32\DBGHELP.DLL
0x00007ff88aee0000 - 0x00007ff88af0c000 	C:\WINDOWS\SYSTEM32\dbgcore.DLL
0x00007ff8a09a0000 - 0x00007ff8a0a20000 	C:\WINDOWS\System32\bcryptPrimitives.dll
0x00007ff8929c0000 - 0x00007ff8929ce000 	C:\Users\Ανδρέας Κρεούζος\.jdks\openjdk-16.0.1\bin\instrument.dll
0x00007ff885020000 - 0x00007ff885045000 	C:\Users\Ανδρέας Κρεούζος\.jdks\openjdk-16.0.1\bin\java.dll

dbghelp: loaded successfully - version: 4.0.5 - missing functions: none
symbol engine: initialized successfully - sym options: 0x614 - pdb path: .;C:\Users\Ανδρέας Κρεούζος\.jdks\openjdk-16.0.1\bin;C:\WINDOWS\SYSTEM32;C:\WINDOWS\WinSxS\amd64_microsoft.windows.common-controls_6595b64144ccf1df_6.0.19041.844_none_ca00b6081b84eb1d;C:\Users\Ανδρέας Κρεούζος\.jdks\openjdk-16.0.1\bin\server

VM Arguments:
jvm_args: -javaagent:C:\Program Files\JetBrains\IntelliJ IDEA 2020.3.3\lib\idea_rt.jar=52722:C:\Program Files\JetBrains\IntelliJ IDEA 2020.3.3\bin -Dfile.encoding=UTF-8 
java_command: com.andrekreou.Main
java_class_path (initial): C:\Users\Ανδρέας Κρεούζος\IdeaProjects\AddressBook\out\production\untitled104
Launcher Type: SUN_STANDARD

[Global flags]
     intx CICompilerCount                          = 4                                         {product} {ergonomic}
     uint ConcGCThreads                            = 2                                         {product} {ergonomic}
     uint G1ConcRefinementThreads                  = 8                                         {product} {ergonomic}
   size_t G1HeapRegionSize                         = 1048576                                   {product} {ergonomic}
    uintx GCDrainStackTargetSize                   = 64                                        {product} {ergonomic}
   size_t InitialHeapSize                          = 132120576                                 {product} {ergonomic}
   size_t MarkStackSize                            = 4194304                                   {product} {ergonomic}
   size_t MaxHeapSize                              = 2107637760                                {product} {ergonomic}
   size_t MinHeapDeltaBytes                        = 1048576                                   {product} {ergonomic}
   size_t MinHeapSize                              = 8388608                                   {product} {ergonomic}
    uintx NonNMethodCodeHeapSize                   = 5839372                                {pd product} {ergonomic}
    uintx NonProfiledCodeHeapSize                  = 122909434                              {pd product} {ergonomic}
    uintx ProfiledCodeHeapSize                     = 122909434                              {pd product} {ergonomic}
    uintx ReservedCodeCacheSize                    = 251658240                              {pd product} {ergonomic}
     bool SegmentedCodeCache                       = true                                      {product} {ergonomic}
   size_t SoftMaxHeapSize                          = 2107637760                             {manageable} {ergonomic}
     bool UseCompressedClassPointers               = true                           {product lp64_product} {ergonomic}
     bool UseCompressedOops                        = true                           {product lp64_product} {ergonomic}
     bool UseG1GC                                  = true                                      {product} {ergonomic}
     bool UseLargePagesIndividualAllocation        = false                                  {pd product} {ergonomic}

Logging:
Log output configuration:
 #0: stdout all=warning uptime,level,tags
 #1: stderr all=off uptime,level,tags

Environment Variables:
PATH=C:\Program Files (x86)\Intel\iCLS Client\;C:\Program Files\Intel\iCLS Client\;C:\WINDOWS\system32;C:\WINDOWS;C:\WINDOWS\System32\Wbem;C:\WINDOWS\System32\WindowsPowerShell\v1.0\;C:\Program Files (x86)\ATI Technologies\ATI.ACE\Core-Static;C:\Program Files\Intel\Intel(R) Management Engine Components\DAL;C:\Program Files (x86)\Intel\Intel(R) Management Engine Components\DAL;C:\Program Files\Intel\Intel(R) Management Engine Components\IPT;C:\Program Files (x86)\Intel\Intel(R) Management Engine Components\IPT;C:\WINDOWS\System32\OpenSSH\;C:\Program Files\Microsoft SQL Server\130\Tools\Binn\;C:\MinGW\bin;C:\Program Files\swipl\bin;C:\Users\Ανδρέας Κρεούζος\AppData\Local\Programs\Python\Python39\Scripts\;C:\Users\Ανδρέας Κρεούζος\AppData\Local\Programs\Python\Python39\;C:\Users\Ανδρέας Κρεούζος\AppData\Local\Microsoft\WindowsApps;;C:\Users\Ανδρέας Κρεούζος\AppData\Local\Programs\Microsoft VS Code\bin;C:\Program Files\JetBrains\CLion 2020.3.1\bin;;C:\Program Files\JetBrains\PyCharm 2020.3.2\bin;;C:\Program Files\swipl\bin;C:\Program Files\JetBrains\IntelliJ IDEA 2020.3.3\bin;
USERNAME=Ανδρέας Κρεούζος
OS=Windows_NT
PROCESSOR_IDENTIFIER=Intel64 Family 6 Model 60 Stepping 3, GenuineIntel



---------------  S Y S T E M  ---------------

OS:
 Windows 10 , 64 bit Build 19041 (10.0.19041.928)
OS uptime: 4 days 7:31 hours

CPU: total 8 (initial active 8) (4 cores per cpu, 2 threads per core) family 6 model 60 stepping 3 microcode 0x28, cx8, cmov, fxsr, ht, mmx, sse, sse2, sse3, ssse3, sse4.1, sse4.2, popcnt, lzcnt, tsc, tscinvbit, avx, avx2, aes, erms, clmul, bmi1, bmi2, fma, vzeroupper, clflush

Memory: 4k page, system-wide physical 8038M (1699M free)
TotalPageFile size 32614M (AvailPageFile size 23M)
current process WorkingSet (physical memory assigned to process): 10M, peak: 10M
current process commit charge ("private bytes"): 60M, peak: 186M

vm_info: OpenJDK 64-Bit Server VM (16.0.1+9-24) for windows-amd64 JRE (16.0.1+9-24), built on Mar 26 2021 19:30:07 by "mach5one" with MS VC++ 16.7 (VS2019)

END.
